\BOOKMARK [0][-]{pretexto.0}{Elementos Pr\351-Textuais}{}% 1
\BOOKMARK [1][-]{pretexto.1.1}{Capa}{pretexto.0}% 2
\BOOKMARK [1][-]{pretexto.2.1}{Publica\347\343o}{pretexto.0}% 3
\BOOKMARK [1][-]{pretexto.3.1}{Folha de Rosto}{pretexto.0}% 4
\BOOKMARK [1][-]{pretexto.4.1}{Aprova\347\343o}{pretexto.0}% 5
\BOOKMARK [1][-]{pretexto.6.1}{Dedicat\363ria}{pretexto.0}% 6
\BOOKMARK [1][-]{pretexto.7.1}{Agradecimentos}{pretexto.0}% 7
\BOOKMARK [1][-]{pretexto.8.1}{Resumo}{pretexto.0}% 8
\BOOKMARK [1][-]{pretexto.9.1}{Abstract}{pretexto.0}% 9
\BOOKMARK [0][-]{sumario.0}{Sum\341rio}{}% 10
\BOOKMARK [0][-]{Doc-Start}{Lista de Figuras}{}% 11
\BOOKMARK [0][-]{Doc-Start}{Lista de Tabelas}{}% 12
\BOOKMARK [0][-]{chapter.1}{1 Introdu\347\343o}{}% 13
\BOOKMARK [1][-]{section.2}{1.1 Finalidade}{chapter.1}% 14
\BOOKMARK [1][-]{section.3}{1.2 Escopo}{chapter.1}% 15
\BOOKMARK [0][-]{chapter.4}{2 Escopo do Projeto}{}% 16
\BOOKMARK [1][-]{section.5}{2.1 Situa\347\343o Atual}{chapter.4}% 17
\BOOKMARK [1][-]{section.6}{2.2 Objetivos Gerais}{chapter.4}% 18
\BOOKMARK [1][-]{section.7}{2.3 Objetivos Espec\355ficos}{chapter.4}% 19
\BOOKMARK [1][-]{section.8}{2.4 N\343o Objetivos}{chapter.4}% 20
\BOOKMARK [1][-]{section.9}{2.5 Descri\347\343o do Projeto}{chapter.4}% 21
\BOOKMARK [2][-]{subsection.10}{2.5.1 Astah Community}{section.9}% 22
\BOOKMARK [2][-]{subsection.11}{2.5.2 Eclipse}{section.9}% 23
\BOOKMARK [2][-]{subsection.12}{2.5.3 Java}{section.9}% 24
\BOOKMARK [2][-]{subsection.13}{2.5.4 Tomcat}{section.9}% 25
\BOOKMARK [2][-]{subsection.14}{2.5.5 Java Server Faces}{section.9}% 26
\BOOKMARK [2][-]{subsection.15}{2.5.6 Primefaces}{section.9}% 27
\BOOKMARK [2][-]{subsection.16}{2.5.7 Spring}{section.9}% 28
\BOOKMARK [2][-]{subsection.17}{2.5.8 Hibernate}{section.9}% 29
\BOOKMARK [2][-]{subsection.18}{2.5.9 Maven}{section.9}% 30
\BOOKMARK [2][-]{subsection.19}{2.5.10 Junit}{section.9}% 31
\BOOKMARK [0][-]{chapter.20}{3 Ambiente de Produ\347\343o}{}% 32
\BOOKMARK [0][-]{chapter.21}{4 Especifica\347\343o de Requesitos}{}% 33
\BOOKMARK [1][-]{section.22}{4.1 Requesitos Funcionais}{chapter.21}% 34
\BOOKMARK [0][-]{section.22}{Refer\352ncias Bibliogr\341ficas}{}% 35
